1551053266735	mozrunner::runner	INFO	Running command: "C:\\Program Files\\Mozilla Firefox\\firefox.exe" "-marionette" "-headless" "-foreground" "-no-remote" "-profile" "C:\\Users\\Marcos\\AppData\\Local\\Temp\\rust_mozprofile.QOClMcmPEG2b"
*** You are running in headless mode.
1551053267325	addons.webextension.screenshots@mozilla.org	WARN	Loading extension 'screenshots@mozilla.org': Reading manifest: Invalid host permission: resource://pdf.js/
1551053267325	addons.webextension.screenshots@mozilla.org	WARN	Loading extension 'screenshots@mozilla.org': Reading manifest: Invalid host permission: about:reader*
1551053269302	Marionette	INFO	Listening on port 49749
1551053269528	Marionette	WARN	TLS certificate errors will be ignored for this session
JavaScript warning: https://www.bet365.es/betslip/javascript/min/20190221101557/betslip.js, line 1: Using //@ to indicate sourceMappingURL pragmas is deprecated. Use //# instead
1551053300955	Marionette	INFO	Stopped listening on port 49749
[Child 3068, Chrome_ChildThread] WARNING: pipe error: 109: file z:/build/build/src/ipc/chromium/src/chrome/common/ipc_channel_win.cc, line 332
[Child 7608, Chrome_ChildThread] WARNING: pipe error: 109: file z:/build/build/src/ipc/chromium/src/chrome/common/ipc_channel_win.cc, line 332
[Child 760screenshots@mozilla.org': Reading manifest: Invalid host permission: resource://pdf.js/
1551053293683	addons.webextension.screenshots@mozilla.org	WARN	Loading extension 'screenshots@mozilla.org': Reading manifest: Invalid host permission: about:reader*
1551053295461	Marionette	INFO	Listening on port 49791
1551053295950	Marionette	WARN	TLS certificate errors will be ignored for this session
JavaScript warning: https://d2zywfiolv4f83.cloudfront.net/js/ws-js-canvas.js?v=1540222734, line 1: String.slice is deprecated; use String.prototype.slice instead
JavaScript warning: https://d2zywfiolv4f83.cloudfront.net/js/ws-js-stats.js?v=1540222734, line 1: unreachable code after return statement
JavaScript warning: https://www.whoscored.com/_Incapsula_Resource?SWJIYLWA=719d34d31c8e3a6e6fffd425f7e032f3&ns=1&cb=615811241, line 1: unreachable code after return statement
JavaScript warning: https://www.whoscored.com/_Incapsula_Resource?SWJIYLWA=719d34d31c8e3a6e6fffd425f7e032f3&ns=1&cb=615811241, line 1: unreachable code after return statement
JavaScript warning: https://www.whoscored.com/_Incapsula_Resource?SWJIYLWA=719d34d31c8e3a6e6fffd425f7e032f3&ns=1&cb=615811241 line 1 > eval, line 1: unreachable code after return statement
JavaScript warning: https://www.whoscored.com/_Incapsula_Resource?SWJIYLWA=719d34d31c8e3a6e6fffd425f7e032f3&ns=3&cb=1379768958, line 1: unreachable code after return statement
JavaScript warning: https://www.whoscored.com/_Incapsula_Resource?SWJIYLWA=719d34d31c8e3a6e6fffd425f7e032f3&ns=3&cb=1379768958, line 1: unreachable code after return statement
JavaScript warning: https://www.whoscored.com/_Incapsula_Resource?SWJIYLWA=719d34d31c8e3a6e6fffd425f7e032f3&ns=3&cb=1379768958 line 1 > eval, line 1: unreachable code after return statement
1551053298523	Marionette	INFO	Stopped listening on port 49791
[Child 2108, Chrome_ChildThread] WARNING: pipe error: 109: file z:/build/build/src/ipc/chromium/src/chrome/common/ipc_channel_win.cc, line 332
[Chil[Child 2104, Chrome_ChildThread] WARNING: pipe error: 109: file z:/build/build/src/ipc/chromium/src/chrome/common/ipc_channel_win.cc, line 332
[Child 2104, Ch1551135869864	mozrunner::runner	INFO	Running command: "C:\\Program Files\\Mozilla Firefox\\firefox.exe" "-marionette" "-headless" "-foreground" "-no-remote" "-profile" "C:\\Users\\Marcos\\AppData\\Local\\Temp\\rust_mozprofile.hIIHkDxCxaiT"
*** You are running in headless mode.
1551135870373	addons.webextension.screenshots@mozilla.org	WARN	Loading extension 'screenshots@mozilla.org': Reading manifest: Invalid host permission: resource://pdf.js/
1551135870374	addons.webextension.screenshots@mozilla.org	WARN	Loading extension 'screenshots@mozilla.org': Reading manifest: Invalid host permission: about:reader*
1551135872831	Marionette	INFO	Listening on port 50880
1551135873109	Marionette	WARN	TLS certificate errors will be ignored for this session
JavaScript warning: https://www.bet365.es/betslip/javascript/min/20190221101557/betslip.js, line 1: Using //@ to indicate sourceMappingURL pragmas is deprecated. Use //# instead
1551135900877	Marionette	INFO	Stopped listening on port 50880
[Child 8664, Chrome_ChildThread] WARNING: pipe error: 109: file z:/build/build/src/ipc/chromium/src/chrome/common/ipc_channel_win.cc, line 332
[Child 8664profile.Av6NcT7aByp2"
*** You are running in headless mode.
1551135889312	addons.webextension.screenshots@mozilla.org	WARN	Loading extension 'screenshots@mozilla.org': Reading manifest: Invalid host permission: resource://pdf.js/
1551135889312	addons.webextension.screenshots@mozilla.org	WARN	Loading extension 'screenshots@mozilla.org': Reading manifest: Invalid host permission: about:reader*
1551135893738	Marionette	INFO	Listening on port 50926
1551135894304	Marionette	WARN	TLS certificate errors will be ignored for this session
JavaScript warning: https://d2zywfiolv4f83.cloudfront.net/js/ws-js-canvas.js?v=1540222734, line 1: String.slice is deprecated; use String.prototype.slice instead
JavaScript warning: https://d2zywfiolv4f83.cloudfront.net/js/ws-js-stats.js?v=1540222734, line 1: unreachable code after return statement
JavaScript warning: https://www.whoscored.com/_Incapsula_Resource?SWJIYLWA=719d34d31c8e3a6e6fffd425f7e032f3&ns=1&cb=307318063, line 1: unreachable code after return statement
JavaScript warning: https://www.whoscored.com/_Incapsula_Resource?SWJIYLWA=719d34d31c8e3a6e6fffd425f7e032f3&ns=1&cb=307318063, line 1: unreachable code after return statement
JavaScript warning: https://www.whoscored.com/_Incapsula_Resource?SWJIYLWA=719d34d31c8e3a6e6fffd425f7e032f3&ns=1&cb=307318063 line 1 > eval, line 1: unreachable code after return statement
JavaScript warning: https://www.whoscored.com/_Incapsula_Resource?SWJIYLWA=719d34d31c8e3a6e6fffd425f7e032f3&ns=3&cb=35332443, line 1: unreachable code after return statement
JavaScript warning: https://www.whoscored.com/_Incapsula_Resource?SWJIYLWA=719d34d31c8e3a6e6fffd425f7e032f3&ns=3&cb=35332443, line 1: unreachable code after return statement
JavaScript warning: https://www.whoscored.com/_Incapsula_Resource?SWJIYLWA=719d34d31c8e3a6e6fffd425f7e032f3&ns=3&cb=35332443 line 1 > eval, line 1: unreachable code after return statement
1551135898253	Marionette	INFO	Stopped listening on port 50926
[Parent 11720, Gecko_IOThread] WARNING: pipe error: 109: file z:/build/build/src/ipc/chromium/src/chrome/common/ipc_channel_win.cc, line 332
[Parent 11720, Gecko_IOThread] WARNING: pipe error: 109: file z:/build/build/src/ipc/chromium/src/chrome/common/ipc_channel_win.cc, line 332
[Child 6664, Chrome_ChildThread] WARNING: pipe error: 109: file z:/build/build/src/ipc/chromium/src/chrome/common/ipc_channel_win.cc, line 332
[Child 61551136087020	mozrunner::runner	INFO	Running command: "C:\\Program Files\\Mozilla Firefox\\firefox.exe" "-marionette" "-headless" "-foreground" "-no-remote" "-profile" "C:\\Users\\Marcos\\AppData\\Local\\Temp\\rust_mozprofile.l0NvP2GOsINb"
*** You are running in headless mode.
1551136087462	addons.webextension.screenshots@mozilla.org	WARN	Loading extension 'screenshots@mozilla.org': Reading manifest: Invalid host permission: resource://pdf.js/
1551136087462	addons.webextension.screenshots@mozilla.org	WARN	Loading extension 'screenshots@mozilla.org': Reading manifest: Invalid host permission: about:reader*
1551136089068	Marionette	INFO	Listening on port 51009
1551136089195	Marionette	WARN	TLS certificate errors will be ignored for this session
console.error: BroadcastService: 
  receivedBroadcastMessage: handler for
  remote-settings/monitor_changes
  threw error:
  Message: Error: Polling for changes failed: NetworkError when attempting to fetch resource..
  Stack:
    remoteSettingsFunction/remoteSettings.pollChanges@resource://services-settings/remote-settings.js:188:13

JavaScript warning: https://www.bet365.es/betslip/javascript/min/20190221101557/betslip.js, line 1: Using //@ to indicate sourceMappingURL pragmas is deprecated. Use //# instead
1551136134199	Marionette	INFO	Stopped listening on port 51009
[Child 2876, Chrome_ChildThread] WARNING: pipe error: 109: file z:/build/build/src/ipc/chromium/src/chrome/common/ipc_channel_win.cc, line 332
[Child[Parent 11168, Gecko_IOThread] WARNING: pipe error: 109: file z:/build/build/src/ipc/chromium/src/chrome/common/ipc_channel_win.cc, line 332
[Child 9148, Chrome_ChildThread] WARNING: pipe error: 109: file z:/build/build/src/ipc/chromium/src/chrome/common/ipc_channel_win.cc, line 332
[Child 9